[Message: Preloader] BepInEx 6.0.0-pre.1 - V8SO
[Info   :   BepInEx] System platform: Windows 10 64-bit
[Info   :   BepInEx] Process bitness: 64-bit (x64)
[Info   : Preloader] Running under Unity v2022.1.0
[Message: Preloader] Downloading unity base libraries
[Message: Preloader] Extracting downloaded unity base libraries
[Message: Preloader] Generating Il2CppUnhollower assemblies
[Info   :    Cpp2IL] [Library] Initializing Metadata...
[Info   :    Cpp2IL] [Library] Using actual IL2CPP Metadata version 29
[Info   :    Cpp2IL] [Library] Initialized Metadata in 2391ms
[Info   :    Cpp2IL] [Library] Searching Binary for Required Data...
[Info   :    Cpp2IL] [Library] Got Binary codereg: 0x18173BDD0, metareg: 0x18192DD90 in 597ms.
[Info   :    Cpp2IL] [Library] Initializing Binary...
[Info   :    Cpp2IL] [Library] Initialized Binary in 1259ms
[Info   :    Cpp2IL] [Library] Mapping pointers to Il2CppMethodDefinitions...
[Info   :    Cpp2IL] [Library] Processed 73995 OK (198ms)
[Info   :    Cpp2IL] [Program] Building assemblies...This may take some time.
[Info   :    Cpp2IL] [Program] Finished Building Assemblies in 3480ms
[Info   :    Cpp2IL] [Program] Fixing up explicit overrides. Any warnings you see here aren't errors - they usually indicate improperly stripped or obfuscated types, but this is not a big deal. This should only take a second...
[Warning:    Cpp2IL] [Program] Failed to resolve generic parameter "Rewired.FallbackInputManager.JoystickRecords.Record" for base method override System.Collections.Generic.IEnumerator<Rewired.FallbackInputManager.JoystickRecords.Record>.get_Current.
[Warning:    Cpp2IL] [Program] Failed to resolve generic parameter "Rewired.FallbackInputManager.JoystickRecords.Record" for base method override System.Collections.Generic.IEnumerable<Rewired.FallbackInputManager.JoystickRecords.Record>.GetEnumerator.
[Warning:    Cpp2IL] [Program] Failed to resolve generic parameter "T" for base method override System.Collections.Generic.IEnumerator<T>.get_Current.
[Warning:    Cpp2IL] [Program] Failed to resolve generic parameter "T" for base method override System.Collections.Generic.IEnumerator<T>.get_Current.
[Warning:    Cpp2IL] [Program] Failed to resolve generic parameter "T" for base method override System.Collections.Generic.IEnumerable<T>.GetEnumerator.
[Warning:    Cpp2IL] [Program] Failed to resolve generic parameter "T" for base method override System.Collections.Generic.IEnumerator<T>.get_Current.
[Warning:    Cpp2IL] [Program] Failed to resolve generic parameter "T" for base method override System.Collections.Generic.IEnumerable<T>.GetEnumerator.
[Warning:    Cpp2IL] [Program] Failed to resolve generic parameter "T" for base method override System.Collections.Generic.IEnumerator<T>.get_Current.
[Warning:    Cpp2IL] [Program] Failed to resolve generic parameter "T" for base method override System.Collections.Generic.IEnumerable<T>.GetEnumerator.
[Warning:    Cpp2IL] [Program] Failed to resolve generic parameter "Rewired.InputSources.SDL2.SDL2InputManager.JoystickRecords.Record" for base method override System.Collections.Generic.IEnumerator<Rewired.InputSources.SDL2.SDL2InputManager.JoystickRecords.Record>.get_Current.
[Warning:    Cpp2IL] [Program] Failed to resolve generic parameter "Rewired.InputSources.SDL2.SDL2InputManager.JoystickRecords.Record" for base method override System.Collections.Generic.IEnumerable<Rewired.InputSources.SDL2.SDL2InputManager.JoystickRecords.Record>.GetEnumerator.
[Warning:    Cpp2IL] [Program] Failed to resolve generic parameter "Rewired.InputManagers.CustomInputManager.JoystickRecords.Record" for base method override System.Collections.Generic.IEnumerator<Rewired.InputManagers.CustomInputManager.JoystickRecords.Record>.get_Current.
[Warning:    Cpp2IL] [Program] Failed to resolve generic parameter "Rewired.InputManagers.CustomInputManager.JoystickRecords.Record" for base method override System.Collections.Generic.IEnumerable<Rewired.InputManagers.CustomInputManager.JoystickRecords.Record>.GetEnumerator.
[Warning:    Cpp2IL] [Program] Failed to resolve generic parameter "Rewired.Windows.DirectInputManager.JoystickRecords.Record" for base method override System.Collections.Generic.IEnumerator<Rewired.Windows.DirectInputManager.JoystickRecords.Record>.get_Current.
[Warning:    Cpp2IL] [Program] Failed to resolve generic parameter "Rewired.Windows.DirectInputManager.JoystickRecords.Record" for base method override System.Collections.Generic.IEnumerable<Rewired.Windows.DirectInputManager.JoystickRecords.Record>.GetEnumerator.
[Warning:    Cpp2IL] [Program] Failed to resolve generic parameter "Rewired.Windows.RawInputManager.JoystickRecords.Record" for base method override System.Collections.Generic.IEnumerator<Rewired.Windows.RawInputManager.JoystickRecords.Record>.get_Current.
[Warning:    Cpp2IL] [Program] Failed to resolve generic parameter "Rewired.Windows.RawInputManager.JoystickRecords.Record" for base method override System.Collections.Generic.IEnumerable<Rewired.Windows.RawInputManager.JoystickRecords.Record>.GetEnumerator.
[Info   :    Cpp2IL] [Program] Fixup complete (2101ms)
[Info   :    Cpp2IL] Total time: 00:00:10.7370535
[Info   : Preloader] Executing Il2CppUnhollower generator
[Info   :Unhollower] Reading assemblies...
[Info   :Unhollower] Done in 00:00:00.0064290
[Info   :Unhollower] Reading system assemblies...
[Info   :Unhollower] Done in 00:00:00.0705094
[Info   :Unhollower] Reading unity assemblies...
[Info   :Unhollower] Done in 00:00:00.0533143
[Info   :Unhollower] Creating rewrite assemblies...
[Info   :Unhollower] Done in 00:00:00.0089638
[Info   :Unhollower] Computing renames...
[Info   :Unhollower] Done in 00:00:00.0334716
[Info   :Unhollower] Creating typedefs...
[Info   :Unhollower] Done in 00:00:00.0562417
[Info   :Unhollower] Computing struct blittability...
[Info   :Unhollower] Done in 00:00:00.0036828
[Info   :Unhollower] Filling typedefs...
[Info   :Unhollower] Done in 00:00:00.0119326
[Info   :Unhollower] Filling generic constraints...
[Info   :Unhollower] Done in 00:00:00.0017575
[Info   :Unhollower] Creating members...
[Info   :Unhollower] Done in 00:00:00.5109047
[Info   :Unhollower] Scanning method cross-references...
[Info   :Unhollower] Done in 00:00:00.7156757
[Info   :Unhollower] Finalizing method declarations...
[Info   :Unhollower] Done in 00:00:01.1520943
[Info   :Unhollower] 7 total potentially dead methods
[Info   :Unhollower] Filling method parameters...
[Info   :Unhollower] Done in 00:00:00.2681478
[Info   :Unhollower] Creating static constructors...
[Info   :Unhollower] Done in 00:00:00.3331657
[Info   :Unhollower] Creating value type fields...
[Info   :Unhollower] Done in 00:00:00.1041393
[Info   :Unhollower] Creating enums...
[Info   :Unhollower] Done in 00:00:00.0338594
[Info   :Unhollower] Creating IntPtr constructors...
[Info   :Unhollower] Done in 00:00:00.0297805
[Info   :Unhollower] Creating type getters...
[Info   :Unhollower] Done in 00:00:00.0684509
[Info   :Unhollower] Creating non-blittable struct constructors...
[Info   :Unhollower] Done in 00:00:00.0058788
[Info   :Unhollower] Creating generic method static constructors...
[Info   :Unhollower] Done in 00:00:00.0252087
[Info   :Unhollower] Creating field accessors...
[Info   :Unhollower] Done in 00:00:00.6473092
[Info   :Unhollower] Filling methods...
[Info   :Unhollower] Done in 00:00:01.4991152
[Info   :Unhollower] Generating implicit conversions...
[Info   :Unhollower] Done in 00:00:00.0274391
[Info   :Unhollower] Creating properties...
[Info   :Unhollower] Done in 00:00:00.0516530
[Info   :Unhollower] Unstripping types...
[Info   :Unhollower] Done in 00:00:00.0703674
[Info   :Unhollower] Unstripping fields...
[Info   :Unhollower] 
[Info   :Unhollower] 711 fields restored
[Info   :Unhollower] 15 fields failed to restore
[Info   :Unhollower] Done in 00:00:00.0167702
[Info   :Unhollower] Unstripping methods...
[Info   :Unhollower] 
[Info   :Unhollower] 17977 methods restored
[Info   :Unhollower] 1221 methods failed to restore
[Info   :Unhollower] Done in 00:00:00.9706076
[Info   :Unhollower] Unstripping method bodies...
[Info   :Unhollower] 
[Info   :Unhollower] IL unstrip statistics: 8553 successful, 2879 failed
[Info   :Unhollower] Done in 00:00:01.0071921
[Info   :Unhollower] Generating forwarded types...
[Info   :Unhollower] Done in 00:00:00.0044813
[Info   :Unhollower] Writing xref cache...
[Info   :Unhollower] Done in 00:00:00.4196764
[Info   :Unhollower] Writing assemblies...
[Info   :Unhollower] Done in 00:00:02.5685603
[Info   :Unhollower] Writing method pointer map...
[Info   :Unhollower] Done in 00:00:00.1605666
[Info   :Unhollower] Done!
[Info   : Preloader] 0 patcher plugins loaded
[Info   : Preloader] 0 assemblies discovered
[Message:AssemblyPatcher] Executing 0 patch(es)
[Message:   BepInEx] Chainloader initialized
[Warning:Unhollower] Class::Init signatures have been exhausted, using il2cpp_class_has_references as a substitute!
